TN:
SF:src\App.css
FN:8,(anonymous_0)
FN:15,(anonymous_1)
FNF:2
FNH:0
FNDA:0,(anonymous_0)
FNDA:0,(anonymous_1)
DA:1,1
DA:3,1
DA:4,1
DA:7,1
DA:9,0
DA:10,0
DA:12,0
DA:16,0
DA:20,0
DA:23,0
LF:10
LH:4
BRDA:3,0,0,1
BRDA:3,0,1,0
BRDA:3,1,0,1
BRDA:3,1,1,1
BRDA:9,2,0,0
BRDA:9,2,1,0
BRF:6
BRH:3
end_of_record
TN:
SF:src\App.jsx
FN:6,App
FN:16,(anonymous_1)
FN:16,(anonymous_2)
FNF:3
FNH:3
FNDA:6,App
FNDA:1,(anonymous_1)
FNDA:1,(anonymous_2)
DA:7,6
DA:9,6
DA:10,6
DA:12,6
DA:16,1
LF:5
LH:5
BRF:0
BRH:0
end_of_record
TN:
SF:src\components\Login.jsx
FN:4,(anonymous_0)
FN:11,(anonymous_1)
FN:36,(anonymous_2)
FN:43,(anonymous_3)
FNF:4
FNH:4
FNDA:38,(anonymous_0)
FNDA:3,(anonymous_1)
FNDA:5,(anonymous_2)
FNDA:5,(anonymous_3)
DA:4,2
DA:5,38
DA:6,37
DA:7,37
DA:8,37
DA:9,37
DA:11,37
DA:12,3
DA:13,3
DA:14,3
DA:15,3
DA:18,3
DA:19,3
DA:20,3
DA:21,3
DA:23,0
DA:25,3
DA:28,37
DA:36,5
DA:43,5
LF:20
LH:19
BRDA:51,0,0,37
BRDA:51,0,1,12
BRDA:53,1,0,3
BRDA:53,1,1,34
BRDA:57,2,0,0
BRDA:57,2,1,37
BRF:6
BRH:5
end_of_record
